WARNING - 2023-12-29 17:18:03 --> [DEPRECATED] Creation of dynamic property App\Controllers\Sesion::$data is deprecated in APPPATH\Controllers\Sesion.php on line 12.
 1 SYSTEMPATH\CodeIgniter.php(942): App\Controllers\Sesion->index()
 2 SYSTEMPATH\CodeIgniter.php(502): CodeIgniter\CodeIgniter->runController(Object(App\Controllers\Sesion))
 3 SYSTEMPATH\CodeIgniter.php(361): CodeIgniter\CodeIgniter->handleRequest(null, Object(Config\Cache), false)
 4 FCPATH\index.php(79): CodeIgniter\CodeIgniter->run()
WARNING - 2023-12-29 17:26:17 --> [DEPRECATED] Creation of dynamic property App\Controllers\Sesion::$data is deprecated in APPPATH\Controllers\Sesion.php on line 11.
 1 SYSTEMPATH\CodeIgniter.php(942): App\Controllers\Sesion->index()
 2 SYSTEMPATH\CodeIgniter.php(502): CodeIgniter\CodeIgniter->runController(Object(App\Controllers\Sesion))
 3 SYSTEMPATH\CodeIgniter.php(361): CodeIgniter\CodeIgniter->handleRequest(null, Object(Config\Cache), false)
 4 FCPATH\index.php(79): CodeIgniter\CodeIgniter->run()
WARNING - 2023-12-29 17:26:28 --> [DEPRECATED] Creation of dynamic property App\Controllers\Sesion::$data is deprecated in APPPATH\Controllers\Sesion.php on line 11.
 1 SYSTEMPATH\CodeIgniter.php(942): App\Controllers\Sesion->index()
 2 SYSTEMPATH\CodeIgniter.php(502): CodeIgniter\CodeIgniter->runController(Object(App\Controllers\Sesion))
 3 SYSTEMPATH\CodeIgniter.php(361): CodeIgniter\CodeIgniter->handleRequest(null, Object(Config\Cache), false)
 4 FCPATH\index.php(79): CodeIgniter\CodeIgniter->run()
WARNING - 2023-12-29 17:26:51 --> [DEPRECATED] Creation of dynamic property App\Controllers\Sesion::$data is deprecated in APPPATH\Controllers\Sesion.php on line 11.
 1 SYSTEMPATH\CodeIgniter.php(942): App\Controllers\Sesion->index()
 2 SYSTEMPATH\CodeIgniter.php(502): CodeIgniter\CodeIgniter->runController(Object(App\Controllers\Sesion))
 3 SYSTEMPATH\CodeIgniter.php(361): CodeIgniter\CodeIgniter->handleRequest(null, Object(Config\Cache), false)
 4 FCPATH\index.php(79): CodeIgniter\CodeIgniter->run()
