WARNING - 2023-12-28 23:31:39 --> [DEPRECATED] Creation of dynamic property App\Controllers\Sesion::$data is deprecated in APPPATH\Controllers\Sesion.php on line 12.
 1 SYSTEMPATH\CodeIgniter.php(942): App\Controllers\Sesion->index()
 2 SYSTEMPATH\CodeIgniter.php(502): CodeIgniter\CodeIgniter->runController(Object(App\Controllers\Sesion))
 3 SYSTEMPATH\CodeIgniter.php(361): CodeIgniter\CodeIgniter->handleRequest(null, Object(Config\Cache), false)
 4 FCPATH\index.php(79): CodeIgniter\CodeIgniter->run()
 5 SYSTEMPATH\Commands\Server\rewrite.php(47): require_once('C:\\xampp\\htdocs\\miniferre\\public\\index.php')
CRITICAL - 2023-12-28 23:31:39 --> Undefined variable $main
in APPPATH\Views\main\main.php on line 22.
 1 APPPATH\Views\main\main.php(22): CodeIgniter\Debug\Exceptions->errorHandler(2, 'Undefined variable $main', 'C:\\xampp\\htdocs\\miniferre\\app\\Views\\main\\main.php', 22)
 2 SYSTEMPATH\View\View.php(228): include('C:\\xampp\\htdocs\\miniferre\\app\\Views\\main\\main.php')
 3 SYSTEMPATH\View\View.php(231): CodeIgniter\View\View->CodeIgniter\View\{closure}()
 4 SYSTEMPATH\Common.php(1190): CodeIgniter\View\View->render('main/main', [], true)
 5 APPPATH\Controllers\Sesion.php(13): view('main/main', [...])
 6 SYSTEMPATH\CodeIgniter.php(942): App\Controllers\Sesion->index()
 7 SYSTEMPATH\CodeIgniter.php(502): CodeIgniter\CodeIgniter->runController(Object(App\Controllers\Sesion))
 8 SYSTEMPATH\CodeIgniter.php(361): CodeIgniter\CodeIgniter->handleRequest(null, Object(Config\Cache), false)
 9 FCPATH\index.php(79): CodeIgniter\CodeIgniter->run()
10 SYSTEMPATH\Commands\Server\rewrite.php(47): require_once('C:\\xampp\\htdocs\\miniferre\\public\\index.php')
WARNING - 2023-12-28 23:31:54 --> [DEPRECATED] Creation of dynamic property App\Controllers\Sesion::$data is deprecated in APPPATH\Controllers\Sesion.php on line 12.
 1 SYSTEMPATH\CodeIgniter.php(942): App\Controllers\Sesion->index()
 2 SYSTEMPATH\CodeIgniter.php(502): CodeIgniter\CodeIgniter->runController(Object(App\Controllers\Sesion))
 3 SYSTEMPATH\CodeIgniter.php(361): CodeIgniter\CodeIgniter->handleRequest(null, Object(Config\Cache), false)
 4 FCPATH\index.php(79): CodeIgniter\CodeIgniter->run()
 5 SYSTEMPATH\Commands\Server\rewrite.php(47): require_once('C:\\xampp\\htdocs\\miniferre\\public\\index.php')
WARNING - 2023-12-28 23:32:37 --> [DEPRECATED] Creation of dynamic property App\Controllers\Sesion::$data is deprecated in APPPATH\Controllers\Sesion.php on line 12.
 1 SYSTEMPATH\CodeIgniter.php(942): App\Controllers\Sesion->index()
 2 SYSTEMPATH\CodeIgniter.php(502): CodeIgniter\CodeIgniter->runController(Object(App\Controllers\Sesion))
 3 SYSTEMPATH\CodeIgniter.php(361): CodeIgniter\CodeIgniter->handleRequest(null, Object(Config\Cache), false)
 4 FCPATH\index.php(79): CodeIgniter\CodeIgniter->run()
 5 SYSTEMPATH\Commands\Server\rewrite.php(47): require_once('C:\\xampp\\htdocs\\miniferre\\public\\index.php')
WARNING - 2023-12-28 23:32:51 --> [DEPRECATED] Creation of dynamic property App\Controllers\Sesion::$data is deprecated in APPPATH\Controllers\Sesion.php on line 12.
 1 SYSTEMPATH\CodeIgniter.php(942): App\Controllers\Sesion->index()
 2 SYSTEMPATH\CodeIgniter.php(502): CodeIgniter\CodeIgniter->runController(Object(App\Controllers\Sesion))
 3 SYSTEMPATH\CodeIgniter.php(361): CodeIgniter\CodeIgniter->handleRequest(null, Object(Config\Cache), false)
 4 FCPATH\index.php(79): CodeIgniter\CodeIgniter->run()
 5 SYSTEMPATH\Commands\Server\rewrite.php(47): require_once('C:\\xampp\\htdocs\\miniferre\\public\\index.php')
WARNING - 2023-12-28 23:33:01 --> [DEPRECATED] Creation of dynamic property App\Controllers\Sesion::$data is deprecated in APPPATH\Controllers\Sesion.php on line 12.
 1 SYSTEMPATH\CodeIgniter.php(942): App\Controllers\Sesion->index()
 2 SYSTEMPATH\CodeIgniter.php(502): CodeIgniter\CodeIgniter->runController(Object(App\Controllers\Sesion))
 3 SYSTEMPATH\CodeIgniter.php(361): CodeIgniter\CodeIgniter->handleRequest(null, Object(Config\Cache), false)
 4 FCPATH\index.php(79): CodeIgniter\CodeIgniter->run()
 5 SYSTEMPATH\Commands\Server\rewrite.php(47): require_once('C:\\xampp\\htdocs\\miniferre\\public\\index.php')
WARNING - 2023-12-28 23:34:16 --> [DEPRECATED] Creation of dynamic property App\Controllers\Sesion::$data is deprecated in APPPATH\Controllers\Sesion.php on line 12.
 1 SYSTEMPATH\CodeIgniter.php(942): App\Controllers\Sesion->index()
 2 SYSTEMPATH\CodeIgniter.php(502): CodeIgniter\CodeIgniter->runController(Object(App\Controllers\Sesion))
 3 SYSTEMPATH\CodeIgniter.php(361): CodeIgniter\CodeIgniter->handleRequest(null, Object(Config\Cache), false)
 4 FCPATH\index.php(79): CodeIgniter\CodeIgniter->run()
 5 SYSTEMPATH\Commands\Server\rewrite.php(47): require_once('C:\\xampp\\htdocs\\miniferre\\public\\index.php')
WARNING - 2023-12-28 23:34:46 --> [DEPRECATED] Creation of dynamic property App\Controllers\Sesion::$data is deprecated in APPPATH\Controllers\Sesion.php on line 12.
 1 SYSTEMPATH\CodeIgniter.php(942): App\Controllers\Sesion->index()
 2 SYSTEMPATH\CodeIgniter.php(502): CodeIgniter\CodeIgniter->runController(Object(App\Controllers\Sesion))
 3 SYSTEMPATH\CodeIgniter.php(361): CodeIgniter\CodeIgniter->handleRequest(null, Object(Config\Cache), false)
 4 FCPATH\index.php(79): CodeIgniter\CodeIgniter->run()
WARNING - 2023-12-28 23:35:07 --> [DEPRECATED] Creation of dynamic property App\Controllers\Sesion::$data is deprecated in APPPATH\Controllers\Sesion.php on line 12.
 1 SYSTEMPATH\CodeIgniter.php(942): App\Controllers\Sesion->index()
 2 SYSTEMPATH\CodeIgniter.php(502): CodeIgniter\CodeIgniter->runController(Object(App\Controllers\Sesion))
 3 SYSTEMPATH\CodeIgniter.php(361): CodeIgniter\CodeIgniter->handleRequest(null, Object(Config\Cache), false)
 4 FCPATH\index.php(79): CodeIgniter\CodeIgniter->run()
WARNING - 2023-12-28 23:35:42 --> [DEPRECATED] Creation of dynamic property App\Controllers\Sesion::$data is deprecated in APPPATH\Controllers\Sesion.php on line 12.
 1 SYSTEMPATH\CodeIgniter.php(942): App\Controllers\Sesion->index()
 2 SYSTEMPATH\CodeIgniter.php(502): CodeIgniter\CodeIgniter->runController(Object(App\Controllers\Sesion))
 3 SYSTEMPATH\CodeIgniter.php(361): CodeIgniter\CodeIgniter->handleRequest(null, Object(Config\Cache), false)
 4 FCPATH\index.php(79): CodeIgniter\CodeIgniter->run()
WARNING - 2023-12-28 23:35:51 --> [DEPRECATED] Creation of dynamic property App\Controllers\Sesion::$data is deprecated in APPPATH\Controllers\Sesion.php on line 12.
 1 SYSTEMPATH\CodeIgniter.php(942): App\Controllers\Sesion->index()
 2 SYSTEMPATH\CodeIgniter.php(502): CodeIgniter\CodeIgniter->runController(Object(App\Controllers\Sesion))
 3 SYSTEMPATH\CodeIgniter.php(361): CodeIgniter\CodeIgniter->handleRequest(null, Object(Config\Cache), false)
 4 FCPATH\index.php(79): CodeIgniter\CodeIgniter->run()
WARNING - 2023-12-28 23:39:10 --> [DEPRECATED] Creation of dynamic property App\Controllers\Sesion::$data is deprecated in APPPATH\Controllers\Sesion.php on line 12.
 1 SYSTEMPATH\CodeIgniter.php(942): App\Controllers\Sesion->index()
 2 SYSTEMPATH\CodeIgniter.php(502): CodeIgniter\CodeIgniter->runController(Object(App\Controllers\Sesion))
 3 SYSTEMPATH\CodeIgniter.php(361): CodeIgniter\CodeIgniter->handleRequest(null, Object(Config\Cache), false)
 4 FCPATH\index.php(79): CodeIgniter\CodeIgniter->run()
WARNING - 2023-12-28 23:39:26 --> [DEPRECATED] Creation of dynamic property App\Controllers\Sesion::$data is deprecated in APPPATH\Controllers\Sesion.php on line 12.
 1 SYSTEMPATH\CodeIgniter.php(942): App\Controllers\Sesion->index()
 2 SYSTEMPATH\CodeIgniter.php(502): CodeIgniter\CodeIgniter->runController(Object(App\Controllers\Sesion))
 3 SYSTEMPATH\CodeIgniter.php(361): CodeIgniter\CodeIgniter->handleRequest(null, Object(Config\Cache), false)
 4 FCPATH\index.php(79): CodeIgniter\CodeIgniter->run()
WARNING - 2023-12-28 23:39:37 --> [DEPRECATED] Creation of dynamic property App\Controllers\Sesion::$data is deprecated in APPPATH\Controllers\Sesion.php on line 12.
 1 SYSTEMPATH\CodeIgniter.php(942): App\Controllers\Sesion->index()
 2 SYSTEMPATH\CodeIgniter.php(502): CodeIgniter\CodeIgniter->runController(Object(App\Controllers\Sesion))
 3 SYSTEMPATH\CodeIgniter.php(361): CodeIgniter\CodeIgniter->handleRequest(null, Object(Config\Cache), false)
 4 FCPATH\index.php(79): CodeIgniter\CodeIgniter->run()
