CRITICAL - 2024-04-16 20:31:10 --> Undefined variable $request
in APPPATH\Controllers\Sesion.php on line 26.
 1 APPPATH\Controllers\Sesion.php(26): CodeIgniter\Debug\Exceptions->errorHandler(2, 'Undefined variable $request', 'C:\\xampp\\htdocs\\miniferre\\app\\Controllers\\Sesion.php', 26)
 2 SYSTEMPATH\CodeIgniter.php(942): App\Controllers\Sesion->logIn()
 3 SYSTEMPATH\CodeIgniter.php(502): CodeIgniter\CodeIgniter->runController(Object(App\Controllers\Sesion))
 4 SYSTEMPATH\CodeIgniter.php(361): CodeIgniter\CodeIgniter->handleRequest(null, Object(Config\Cache), false)
 5 FCPATH\index.php(79): CodeIgniter\CodeIgniter->run()
CRITICAL - 2024-04-16 20:31:11 --> Undefined variable $request
in APPPATH\Controllers\Sesion.php on line 26.
 1 APPPATH\Controllers\Sesion.php(26): CodeIgniter\Debug\Exceptions->errorHandler(2, 'Undefined variable $request', 'C:\\xampp\\htdocs\\miniferre\\app\\Controllers\\Sesion.php', 26)
 2 SYSTEMPATH\CodeIgniter.php(942): App\Controllers\Sesion->logIn()
 3 SYSTEMPATH\CodeIgniter.php(502): CodeIgniter\CodeIgniter->runController(Object(App\Controllers\Sesion))
 4 SYSTEMPATH\CodeIgniter.php(361): CodeIgniter\CodeIgniter->handleRequest(null, Object(Config\Cache), false)
 5 FCPATH\index.php(79): CodeIgniter\CodeIgniter->run()
CRITICAL - 2024-04-16 20:31:11 --> Undefined variable $request
in APPPATH\Controllers\Sesion.php on line 26.
 1 APPPATH\Controllers\Sesion.php(26): CodeIgniter\Debug\Exceptions->errorHandler(2, 'Undefined variable $request', 'C:\\xampp\\htdocs\\miniferre\\app\\Controllers\\Sesion.php', 26)
 2 SYSTEMPATH\CodeIgniter.php(942): App\Controllers\Sesion->logIn()
 3 SYSTEMPATH\CodeIgniter.php(502): CodeIgniter\CodeIgniter->runController(Object(App\Controllers\Sesion))
 4 SYSTEMPATH\CodeIgniter.php(361): CodeIgniter\CodeIgniter->handleRequest(null, Object(Config\Cache), false)
 5 FCPATH\index.php(79): CodeIgniter\CodeIgniter->run()
CRITICAL - 2024-04-16 20:31:14 --> Undefined variable $request
in APPPATH\Controllers\Sesion.php on line 26.
 1 APPPATH\Controllers\Sesion.php(26): CodeIgniter\Debug\Exceptions->errorHandler(2, 'Undefined variable $request', 'C:\\xampp\\htdocs\\miniferre\\app\\Controllers\\Sesion.php', 26)
 2 SYSTEMPATH\CodeIgniter.php(942): App\Controllers\Sesion->logIn()
 3 SYSTEMPATH\CodeIgniter.php(502): CodeIgniter\CodeIgniter->runController(Object(App\Controllers\Sesion))
 4 SYSTEMPATH\CodeIgniter.php(361): CodeIgniter\CodeIgniter->handleRequest(null, Object(Config\Cache), false)
 5 FCPATH\index.php(79): CodeIgniter\CodeIgniter->run()
CRITICAL - 2024-04-16 20:31:14 --> Undefined variable $request
in APPPATH\Controllers\Sesion.php on line 26.
 1 APPPATH\Controllers\Sesion.php(26): CodeIgniter\Debug\Exceptions->errorHandler(2, 'Undefined variable $request', 'C:\\xampp\\htdocs\\miniferre\\app\\Controllers\\Sesion.php', 26)
 2 SYSTEMPATH\CodeIgniter.php(942): App\Controllers\Sesion->logIn()
 3 SYSTEMPATH\CodeIgniter.php(502): CodeIgniter\CodeIgniter->runController(Object(App\Controllers\Sesion))
 4 SYSTEMPATH\CodeIgniter.php(361): CodeIgniter\CodeIgniter->handleRequest(null, Object(Config\Cache), false)
 5 FCPATH\index.php(79): CodeIgniter\CodeIgniter->run()
CRITICAL - 2024-04-16 20:32:35 --> Could not check compatibility between App\Controllers\Sesion::initController(App\Controllers\RequestInterface $request, App\Controllers\ResponseInterface $response, App\Controllers\LoggerInterface $logger) and App\Controllers\BaseController::initController(CodeIgniter\HTTP\RequestInterface $request, CodeIgniter\HTTP\ResponseInterface $response, Psr\Log\LoggerInterface $logger), because class App\Controllers\RequestInterface is not available
in APPPATH\Controllers\Sesion.php on line 10.
 1 [internal function]: CodeIgniter\Debug\Exceptions->shutdownHandler()
CRITICAL - 2024-04-16 20:34:18 --> Undefined variable $request
in APPPATH\Controllers\Sesion.php on line 26.
 1 APPPATH\Controllers\Sesion.php(26): CodeIgniter\Debug\Exceptions->errorHandler(2, 'Undefined variable $request', 'C:\\xampp\\htdocs\\miniferre\\app\\Controllers\\Sesion.php', 26)
 2 SYSTEMPATH\CodeIgniter.php(942): App\Controllers\Sesion->logIn()
 3 SYSTEMPATH\CodeIgniter.php(502): CodeIgniter\CodeIgniter->runController(Object(App\Controllers\Sesion))
 4 SYSTEMPATH\CodeIgniter.php(361): CodeIgniter\CodeIgniter->handleRequest(null, Object(Config\Cache), false)
 5 FCPATH\index.php(79): CodeIgniter\CodeIgniter->run()
CRITICAL - 2024-04-16 20:53:45 --> Unsupported operand types: string + string
in APPPATH\Controllers\Sesion.php on line 31.
 1 SYSTEMPATH\CodeIgniter.php(942): App\Controllers\Sesion->logIn()
 2 SYSTEMPATH\CodeIgniter.php(502): CodeIgniter\CodeIgniter->runController(Object(App\Controllers\Sesion))
 3 SYSTEMPATH\CodeIgniter.php(361): CodeIgniter\CodeIgniter->handleRequest(null, Object(Config\Cache), false)
 4 FCPATH\index.php(79): CodeIgniter\CodeIgniter->run()
CRITICAL - 2024-04-16 20:54:24 --> Unsupported operand types: string + string
in APPPATH\Controllers\Sesion.php on line 31.
 1 SYSTEMPATH\CodeIgniter.php(942): App\Controllers\Sesion->logIn()
 2 SYSTEMPATH\CodeIgniter.php(502): CodeIgniter\CodeIgniter->runController(Object(App\Controllers\Sesion))
 3 SYSTEMPATH\CodeIgniter.php(361): CodeIgniter\CodeIgniter->handleRequest(null, Object(Config\Cache), false)
 4 FCPATH\index.php(79): CodeIgniter\CodeIgniter->run()
CRITICAL - 2024-04-16 20:54:56 --> Unsupported operand types: string + string
in APPPATH\Controllers\Sesion.php on line 29.
 1 SYSTEMPATH\CodeIgniter.php(942): App\Controllers\Sesion->logIn()
 2 SYSTEMPATH\CodeIgniter.php(502): CodeIgniter\CodeIgniter->runController(Object(App\Controllers\Sesion))
 3 SYSTEMPATH\CodeIgniter.php(361): CodeIgniter\CodeIgniter->handleRequest(null, Object(Config\Cache), false)
 4 FCPATH\index.php(79): CodeIgniter\CodeIgniter->run()
CRITICAL - 2024-04-16 21:23:06 --> Class "App\Controllers\Encryption" not found
in APPPATH\Controllers\BaseController.php on line 69.
 1 SYSTEMPATH\CodeIgniter.php(915): App\Controllers\BaseController->initController(Object(CodeIgniter\HTTP\IncomingRequest), Object(CodeIgniter\HTTP\Response), Object(CodeIgniter\Log\Logger))
 2 SYSTEMPATH\CodeIgniter.php(493): CodeIgniter\CodeIgniter->createController()
 3 SYSTEMPATH\CodeIgniter.php(361): CodeIgniter\CodeIgniter->handleRequest(null, Object(Config\Cache), false)
 4 FCPATH\index.php(79): CodeIgniter\CodeIgniter->run()
CRITICAL - 2024-04-16 21:25:01 --> Failed to parse JSON string. Error: Malformed UTF-8 characters, possibly incorrectly encoded
in SYSTEMPATH\Format\JSONFormatter.php on line 43.
 1 SYSTEMPATH\Format\JSONFormatter.php(43): CodeIgniter\Format\Exceptions\FormatException::forInvalidJSON('Malformed UTF-8 characters, possibly incorrectly encoded')
 2 SYSTEMPATH\HTTP\ResponseTrait.php(322): CodeIgniter\Format\JSONFormatter->format([...])
 3 SYSTEMPATH\HTTP\ResponseTrait.php(248): CodeIgniter\HTTP\Response->formatBody([...], 'json')
 4 APPPATH\Controllers\Sesion.php(34): CodeIgniter\HTTP\Response->setJSON([...])
 5 SYSTEMPATH\CodeIgniter.php(942): App\Controllers\Sesion->logIn()
 6 SYSTEMPATH\CodeIgniter.php(502): CodeIgniter\CodeIgniter->runController(Object(App\Controllers\Sesion))
 7 SYSTEMPATH\CodeIgniter.php(361): CodeIgniter\CodeIgniter->handleRequest(null, Object(Config\Cache), false)
 8 FCPATH\index.php(79): CodeIgniter\CodeIgniter->run()
CRITICAL - 2024-04-16 21:25:01 --> Uncaught CodeIgniter\Format\Exceptions\FormatException: Failed to parse JSON string. Error: Malformed UTF-8 characters, possibly incorrectly encoded in C:\xampp\htdocs\miniferre\vendor\codeigniter4\framework\system\Format\JSONFormatter.php:43
Stack trace:
#0 C:\xampp\htdocs\miniferre\vendor\codeigniter4\framework\system\Format\JSONFormatter.php(43): CodeIgniter\Format\Exceptions\FormatException::forInvalidJSON('Malformed UTF-8...')
#1 C:\xampp\htdocs\miniferre\vendor\codeigniter4\framework\system\API\ResponseTrait.php(345): CodeIgniter\Format\JSONFormatter->format(Array)
#2 C:\xampp\htdocs\miniferre\vendor\codeigniter4\framework\system\API\ResponseTrait.php(98): CodeIgniter\Debug\ExceptionHandler->format(Array)
#3 C:\xampp\htdocs\miniferre\vendor\codeigniter4\framework\system\Debug\ExceptionHandler.php(81): CodeIgniter\Debug\ExceptionHandler->respond(Array, 500)
#4 C:\xampp\htdocs\miniferre\vendor\codeigniter4\framework\system\Debug\Exceptions.php(148): CodeIgniter\Debug\ExceptionHandler->handle(Object(CodeIgniter\Format\Exceptions\FormatException), Object(CodeIgniter\HTTP\IncomingRequest), Object(CodeIgniter\HTTP\Response), 500, 1)
#5 [internal function]: CodeIgniter\Debug\Exceptions->exceptionHandler(Object(CodeIgniter\Format\Exceptions\FormatException))
#6 {main}
  thrown
【Previous Exception】
CodeIgniter\Format\Exceptions\FormatException
Failed to parse JSON string. Error: Malformed UTF-8 characters, possibly incorrectly encoded
#0 C:\xampp\htdocs\miniferre\vendor\codeigniter4\framework\system\Format\JSONFormatter.php(43): CodeIgniter\Format\Exceptions\FormatException::forInvalidJSON('Malformed UTF-8...')
#1 C:\xampp\htdocs\miniferre\vendor\codeigniter4\framework\system\HTTP\ResponseTrait.php(322): CodeIgniter\Format\JSONFormatter->format(Array)
#2 C:\xampp\htdocs\miniferre\vendor\codeigniter4\framework\system\HTTP\ResponseTrait.php(248): CodeIgniter\HTTP\Response->formatBody(Array, 'json')
#3 C:\xampp\htdocs\miniferre\app\Controllers\Sesion.php(34): CodeIgniter\HTTP\Response->setJSON(Array)
#4 C:\xampp\htdocs\miniferre\vendor\codeigniter4\framework\system\CodeIgniter.php(942): App\Controllers\Sesion->logIn()
#5 C:\xampp\htdocs\miniferre\vendor\codeigniter4\framework\system\CodeIgniter.php(502): CodeIgniter\CodeIgniter->runController(Object(App\Controllers\Sesion))
#6 C:\xampp\htdocs\miniferre\vendor\codeigniter4\framework\system\CodeIgniter.php(361): CodeIgniter\CodeIgniter->handleRequest(NULL, Object(Config\Cache), false)
#7 C:\xampp\htdocs\miniferre\public\index.php(79): CodeIgniter\CodeIgniter->run()
#8 {main}
in SYSTEMPATH\Format\JSONFormatter.php on line 43.
 1 [internal function]: CodeIgniter\Debug\Exceptions->shutdownHandler()
CRITICAL - 2024-04-16 21:27:03 --> Failed to parse JSON string. Error: Malformed UTF-8 characters, possibly incorrectly encoded
in SYSTEMPATH\Format\JSONFormatter.php on line 43.
 1 SYSTEMPATH\Format\JSONFormatter.php(43): CodeIgniter\Format\Exceptions\FormatException::forInvalidJSON('Malformed UTF-8 characters, possibly incorrectly encoded')
 2 SYSTEMPATH\HTTP\ResponseTrait.php(322): CodeIgniter\Format\JSONFormatter->format([...])
 3 SYSTEMPATH\HTTP\ResponseTrait.php(248): CodeIgniter\HTTP\Response->formatBody([...], 'json')
 4 APPPATH\Controllers\Sesion.php(34): CodeIgniter\HTTP\Response->setJSON([...])
 5 SYSTEMPATH\CodeIgniter.php(942): App\Controllers\Sesion->logIn()
 6 SYSTEMPATH\CodeIgniter.php(502): CodeIgniter\CodeIgniter->runController(Object(App\Controllers\Sesion))
 7 SYSTEMPATH\CodeIgniter.php(361): CodeIgniter\CodeIgniter->handleRequest(null, Object(Config\Cache), false)
 8 FCPATH\index.php(79): CodeIgniter\CodeIgniter->run()
CRITICAL - 2024-04-16 21:27:03 --> Uncaught CodeIgniter\Format\Exceptions\FormatException: Failed to parse JSON string. Error: Malformed UTF-8 characters, possibly incorrectly encoded in C:\xampp\htdocs\miniferre\vendor\codeigniter4\framework\system\Format\JSONFormatter.php:43
Stack trace:
#0 C:\xampp\htdocs\miniferre\vendor\codeigniter4\framework\system\Format\JSONFormatter.php(43): CodeIgniter\Format\Exceptions\FormatException::forInvalidJSON('Malformed UTF-8...')
#1 C:\xampp\htdocs\miniferre\vendor\codeigniter4\framework\system\API\ResponseTrait.php(345): CodeIgniter\Format\JSONFormatter->format(Array)
#2 C:\xampp\htdocs\miniferre\vendor\codeigniter4\framework\system\API\ResponseTrait.php(98): CodeIgniter\Debug\ExceptionHandler->format(Array)
#3 C:\xampp\htdocs\miniferre\vendor\codeigniter4\framework\system\Debug\ExceptionHandler.php(81): CodeIgniter\Debug\ExceptionHandler->respond(Array, 500)
#4 C:\xampp\htdocs\miniferre\vendor\codeigniter4\framework\system\Debug\Exceptions.php(148): CodeIgniter\Debug\ExceptionHandler->handle(Object(CodeIgniter\Format\Exceptions\FormatException), Object(CodeIgniter\HTTP\IncomingRequest), Object(CodeIgniter\HTTP\Response), 500, 1)
#5 [internal function]: CodeIgniter\Debug\Exceptions->exceptionHandler(Object(CodeIgniter\Format\Exceptions\FormatException))
#6 {main}
  thrown
【Previous Exception】
CodeIgniter\Format\Exceptions\FormatException
Failed to parse JSON string. Error: Malformed UTF-8 characters, possibly incorrectly encoded
#0 C:\xampp\htdocs\miniferre\vendor\codeigniter4\framework\system\Format\JSONFormatter.php(43): CodeIgniter\Format\Exceptions\FormatException::forInvalidJSON('Malformed UTF-8...')
#1 C:\xampp\htdocs\miniferre\vendor\codeigniter4\framework\system\HTTP\ResponseTrait.php(322): CodeIgniter\Format\JSONFormatter->format(Array)
#2 C:\xampp\htdocs\miniferre\vendor\codeigniter4\framework\system\HTTP\ResponseTrait.php(248): CodeIgniter\HTTP\Response->formatBody(Array, 'json')
#3 C:\xampp\htdocs\miniferre\app\Controllers\Sesion.php(34): CodeIgniter\HTTP\Response->setJSON(Array)
#4 C:\xampp\htdocs\miniferre\vendor\codeigniter4\framework\system\CodeIgniter.php(942): App\Controllers\Sesion->logIn()
#5 C:\xampp\htdocs\miniferre\vendor\codeigniter4\framework\system\CodeIgniter.php(502): CodeIgniter\CodeIgniter->runController(Object(App\Controllers\Sesion))
#6 C:\xampp\htdocs\miniferre\vendor\codeigniter4\framework\system\CodeIgniter.php(361): CodeIgniter\CodeIgniter->handleRequest(NULL, Object(Config\Cache), false)
#7 C:\xampp\htdocs\miniferre\public\index.php(79): CodeIgniter\CodeIgniter->run()
#8 {main}
in SYSTEMPATH\Format\JSONFormatter.php on line 43.
 1 [internal function]: CodeIgniter\Debug\Exceptions->shutdownHandler()
CRITICAL - 2024-04-16 21:28:44 --> Failed to parse JSON string. Error: Malformed UTF-8 characters, possibly incorrectly encoded
in SYSTEMPATH\Format\JSONFormatter.php on line 43.
 1 SYSTEMPATH\Format\JSONFormatter.php(43): CodeIgniter\Format\Exceptions\FormatException::forInvalidJSON('Malformed UTF-8 characters, possibly incorrectly encoded')
 2 SYSTEMPATH\HTTP\ResponseTrait.php(322): CodeIgniter\Format\JSONFormatter->format([...])
 3 SYSTEMPATH\HTTP\ResponseTrait.php(248): CodeIgniter\HTTP\Response->formatBody([...], 'json')
 4 APPPATH\Controllers\Sesion.php(34): CodeIgniter\HTTP\Response->setJSON([...])
 5 SYSTEMPATH\CodeIgniter.php(942): App\Controllers\Sesion->logIn()
 6 SYSTEMPATH\CodeIgniter.php(502): CodeIgniter\CodeIgniter->runController(Object(App\Controllers\Sesion))
 7 SYSTEMPATH\CodeIgniter.php(361): CodeIgniter\CodeIgniter->handleRequest(null, Object(Config\Cache), false)
 8 FCPATH\index.php(79): CodeIgniter\CodeIgniter->run()
CRITICAL - 2024-04-16 21:28:44 --> Uncaught CodeIgniter\Format\Exceptions\FormatException: Failed to parse JSON string. Error: Malformed UTF-8 characters, possibly incorrectly encoded in C:\xampp\htdocs\miniferre\vendor\codeigniter4\framework\system\Format\JSONFormatter.php:43
Stack trace:
#0 C:\xampp\htdocs\miniferre\vendor\codeigniter4\framework\system\Format\JSONFormatter.php(43): CodeIgniter\Format\Exceptions\FormatException::forInvalidJSON('Malformed UTF-8...')
#1 C:\xampp\htdocs\miniferre\vendor\codeigniter4\framework\system\API\ResponseTrait.php(345): CodeIgniter\Format\JSONFormatter->format(Array)
#2 C:\xampp\htdocs\miniferre\vendor\codeigniter4\framework\system\API\ResponseTrait.php(98): CodeIgniter\Debug\ExceptionHandler->format(Array)
#3 C:\xampp\htdocs\miniferre\vendor\codeigniter4\framework\system\Debug\ExceptionHandler.php(81): CodeIgniter\Debug\ExceptionHandler->respond(Array, 500)
#4 C:\xampp\htdocs\miniferre\vendor\codeigniter4\framework\system\Debug\Exceptions.php(148): CodeIgniter\Debug\ExceptionHandler->handle(Object(CodeIgniter\Format\Exceptions\FormatException), Object(CodeIgniter\HTTP\IncomingRequest), Object(CodeIgniter\HTTP\Response), 500, 1)
#5 [internal function]: CodeIgniter\Debug\Exceptions->exceptionHandler(Object(CodeIgniter\Format\Exceptions\FormatException))
#6 {main}
  thrown
【Previous Exception】
CodeIgniter\Format\Exceptions\FormatException
Failed to parse JSON string. Error: Malformed UTF-8 characters, possibly incorrectly encoded
#0 C:\xampp\htdocs\miniferre\vendor\codeigniter4\framework\system\Format\JSONFormatter.php(43): CodeIgniter\Format\Exceptions\FormatException::forInvalidJSON('Malformed UTF-8...')
#1 C:\xampp\htdocs\miniferre\vendor\codeigniter4\framework\system\HTTP\ResponseTrait.php(322): CodeIgniter\Format\JSONFormatter->format(Array)
#2 C:\xampp\htdocs\miniferre\vendor\codeigniter4\framework\system\HTTP\ResponseTrait.php(248): CodeIgniter\HTTP\Response->formatBody(Array, 'json')
#3 C:\xampp\htdocs\miniferre\app\Controllers\Sesion.php(34): CodeIgniter\HTTP\Response->setJSON(Array)
#4 C:\xampp\htdocs\miniferre\vendor\codeigniter4\framework\system\CodeIgniter.php(942): App\Controllers\Sesion->logIn()
#5 C:\xampp\htdocs\miniferre\vendor\codeigniter4\framework\system\CodeIgniter.php(502): CodeIgniter\CodeIgniter->runController(Object(App\Controllers\Sesion))
#6 C:\xampp\htdocs\miniferre\vendor\codeigniter4\framework\system\CodeIgniter.php(361): CodeIgniter\CodeIgniter->handleRequest(NULL, Object(Config\Cache), false)
#7 C:\xampp\htdocs\miniferre\public\index.php(79): CodeIgniter\CodeIgniter->run()
#8 {main}
in SYSTEMPATH\Format\JSONFormatter.php on line 43.
 1 [internal function]: CodeIgniter\Debug\Exceptions->shutdownHandler()
CRITICAL - 2024-04-16 21:29:02 --> Failed to parse JSON string. Error: Malformed UTF-8 characters, possibly incorrectly encoded
in SYSTEMPATH\Format\JSONFormatter.php on line 43.
 1 SYSTEMPATH\Format\JSONFormatter.php(43): CodeIgniter\Format\Exceptions\FormatException::forInvalidJSON('Malformed UTF-8 characters, possibly incorrectly encoded')
 2 SYSTEMPATH\HTTP\ResponseTrait.php(322): CodeIgniter\Format\JSONFormatter->format([...])
 3 SYSTEMPATH\HTTP\ResponseTrait.php(248): CodeIgniter\HTTP\Response->formatBody([...], 'json')
 4 APPPATH\Controllers\Sesion.php(34): CodeIgniter\HTTP\Response->setJSON([...])
 5 SYSTEMPATH\CodeIgniter.php(942): App\Controllers\Sesion->logIn()
 6 SYSTEMPATH\CodeIgniter.php(502): CodeIgniter\CodeIgniter->runController(Object(App\Controllers\Sesion))
 7 SYSTEMPATH\CodeIgniter.php(361): CodeIgniter\CodeIgniter->handleRequest(null, Object(Config\Cache), false)
 8 FCPATH\index.php(79): CodeIgniter\CodeIgniter->run()
CRITICAL - 2024-04-16 21:29:02 --> Uncaught CodeIgniter\Format\Exceptions\FormatException: Failed to parse JSON string. Error: Malformed UTF-8 characters, possibly incorrectly encoded in C:\xampp\htdocs\miniferre\vendor\codeigniter4\framework\system\Format\JSONFormatter.php:43
Stack trace:
#0 C:\xampp\htdocs\miniferre\vendor\codeigniter4\framework\system\Format\JSONFormatter.php(43): CodeIgniter\Format\Exceptions\FormatException::forInvalidJSON('Malformed UTF-8...')
#1 C:\xampp\htdocs\miniferre\vendor\codeigniter4\framework\system\API\ResponseTrait.php(345): CodeIgniter\Format\JSONFormatter->format(Array)
#2 C:\xampp\htdocs\miniferre\vendor\codeigniter4\framework\system\API\ResponseTrait.php(98): CodeIgniter\Debug\ExceptionHandler->format(Array)
#3 C:\xampp\htdocs\miniferre\vendor\codeigniter4\framework\system\Debug\ExceptionHandler.php(81): CodeIgniter\Debug\ExceptionHandler->respond(Array, 500)
#4 C:\xampp\htdocs\miniferre\vendor\codeigniter4\framework\system\Debug\Exceptions.php(148): CodeIgniter\Debug\ExceptionHandler->handle(Object(CodeIgniter\Format\Exceptions\FormatException), Object(CodeIgniter\HTTP\IncomingRequest), Object(CodeIgniter\HTTP\Response), 500, 1)
#5 [internal function]: CodeIgniter\Debug\Exceptions->exceptionHandler(Object(CodeIgniter\Format\Exceptions\FormatException))
#6 {main}
  thrown
【Previous Exception】
CodeIgniter\Format\Exceptions\FormatException
Failed to parse JSON string. Error: Malformed UTF-8 characters, possibly incorrectly encoded
#0 C:\xampp\htdocs\miniferre\vendor\codeigniter4\framework\system\Format\JSONFormatter.php(43): CodeIgniter\Format\Exceptions\FormatException::forInvalidJSON('Malformed UTF-8...')
#1 C:\xampp\htdocs\miniferre\vendor\codeigniter4\framework\system\HTTP\ResponseTrait.php(322): CodeIgniter\Format\JSONFormatter->format(Array)
#2 C:\xampp\htdocs\miniferre\vendor\codeigniter4\framework\system\HTTP\ResponseTrait.php(248): CodeIgniter\HTTP\Response->formatBody(Array, 'json')
#3 C:\xampp\htdocs\miniferre\app\Controllers\Sesion.php(34): CodeIgniter\HTTP\Response->setJSON(Array)
#4 C:\xampp\htdocs\miniferre\vendor\codeigniter4\framework\system\CodeIgniter.php(942): App\Controllers\Sesion->logIn()
#5 C:\xampp\htdocs\miniferre\vendor\codeigniter4\framework\system\CodeIgniter.php(502): CodeIgniter\CodeIgniter->runController(Object(App\Controllers\Sesion))
#6 C:\xampp\htdocs\miniferre\vendor\codeigniter4\framework\system\CodeIgniter.php(361): CodeIgniter\CodeIgniter->handleRequest(NULL, Object(Config\Cache), false)
#7 C:\xampp\htdocs\miniferre\public\index.php(79): CodeIgniter\CodeIgniter->run()
#8 {main}
in SYSTEMPATH\Format\JSONFormatter.php on line 43.
 1 [internal function]: CodeIgniter\Debug\Exceptions->shutdownHandler()
CRITICAL - 2024-04-16 21:29:49 --> Failed to parse JSON string. Error: Malformed UTF-8 characters, possibly incorrectly encoded
in SYSTEMPATH\Format\JSONFormatter.php on line 43.
 1 SYSTEMPATH\Format\JSONFormatter.php(43): CodeIgniter\Format\Exceptions\FormatException::forInvalidJSON('Malformed UTF-8 characters, possibly incorrectly encoded')
 2 SYSTEMPATH\HTTP\ResponseTrait.php(322): CodeIgniter\Format\JSONFormatter->format([...])
 3 SYSTEMPATH\HTTP\ResponseTrait.php(248): CodeIgniter\HTTP\Response->formatBody([...], 'json')
 4 APPPATH\Controllers\Sesion.php(34): CodeIgniter\HTTP\Response->setJSON([...])
 5 SYSTEMPATH\CodeIgniter.php(942): App\Controllers\Sesion->logIn()
 6 SYSTEMPATH\CodeIgniter.php(502): CodeIgniter\CodeIgniter->runController(Object(App\Controllers\Sesion))
 7 SYSTEMPATH\CodeIgniter.php(361): CodeIgniter\CodeIgniter->handleRequest(null, Object(Config\Cache), false)
 8 FCPATH\index.php(79): CodeIgniter\CodeIgniter->run()
CRITICAL - 2024-04-16 21:29:49 --> Uncaught CodeIgniter\Format\Exceptions\FormatException: Failed to parse JSON string. Error: Malformed UTF-8 characters, possibly incorrectly encoded in C:\xampp\htdocs\miniferre\vendor\codeigniter4\framework\system\Format\JSONFormatter.php:43
Stack trace:
#0 C:\xampp\htdocs\miniferre\vendor\codeigniter4\framework\system\Format\JSONFormatter.php(43): CodeIgniter\Format\Exceptions\FormatException::forInvalidJSON('Malformed UTF-8...')
#1 C:\xampp\htdocs\miniferre\vendor\codeigniter4\framework\system\API\ResponseTrait.php(345): CodeIgniter\Format\JSONFormatter->format(Array)
#2 C:\xampp\htdocs\miniferre\vendor\codeigniter4\framework\system\API\ResponseTrait.php(98): CodeIgniter\Debug\ExceptionHandler->format(Array)
#3 C:\xampp\htdocs\miniferre\vendor\codeigniter4\framework\system\Debug\ExceptionHandler.php(81): CodeIgniter\Debug\ExceptionHandler->respond(Array, 500)
#4 C:\xampp\htdocs\miniferre\vendor\codeigniter4\framework\system\Debug\Exceptions.php(148): CodeIgniter\Debug\ExceptionHandler->handle(Object(CodeIgniter\Format\Exceptions\FormatException), Object(CodeIgniter\HTTP\IncomingRequest), Object(CodeIgniter\HTTP\Response), 500, 1)
#5 [internal function]: CodeIgniter\Debug\Exceptions->exceptionHandler(Object(CodeIgniter\Format\Exceptions\FormatException))
#6 {main}
  thrown
【Previous Exception】
CodeIgniter\Format\Exceptions\FormatException
Failed to parse JSON string. Error: Malformed UTF-8 characters, possibly incorrectly encoded
#0 C:\xampp\htdocs\miniferre\vendor\codeigniter4\framework\system\Format\JSONFormatter.php(43): CodeIgniter\Format\Exceptions\FormatException::forInvalidJSON('Malformed UTF-8...')
#1 C:\xampp\htdocs\miniferre\vendor\codeigniter4\framework\system\HTTP\ResponseTrait.php(322): CodeIgniter\Format\JSONFormatter->format(Array)
#2 C:\xampp\htdocs\miniferre\vendor\codeigniter4\framework\system\HTTP\ResponseTrait.php(248): CodeIgniter\HTTP\Response->formatBody(Array, 'json')
#3 C:\xampp\htdocs\miniferre\app\Controllers\Sesion.php(34): CodeIgniter\HTTP\Response->setJSON(Array)
#4 C:\xampp\htdocs\miniferre\vendor\codeigniter4\framework\system\CodeIgniter.php(942): App\Controllers\Sesion->logIn()
#5 C:\xampp\htdocs\miniferre\vendor\codeigniter4\framework\system\CodeIgniter.php(502): CodeIgniter\CodeIgniter->runController(Object(App\Controllers\Sesion))
#6 C:\xampp\htdocs\miniferre\vendor\codeigniter4\framework\system\CodeIgniter.php(361): CodeIgniter\CodeIgniter->handleRequest(NULL, Object(Config\Cache), false)
#7 C:\xampp\htdocs\miniferre\public\index.php(79): CodeIgniter\CodeIgniter->run()
#8 {main}
in SYSTEMPATH\Format\JSONFormatter.php on line 43.
 1 [internal function]: CodeIgniter\Debug\Exceptions->shutdownHandler()
CRITICAL - 2024-04-16 21:31:44 --> Failed to parse JSON string. Error: Malformed UTF-8 characters, possibly incorrectly encoded
in SYSTEMPATH\Format\JSONFormatter.php on line 43.
 1 SYSTEMPATH\Format\JSONFormatter.php(43): CodeIgniter\Format\Exceptions\FormatException::forInvalidJSON('Malformed UTF-8 characters, possibly incorrectly encoded')
 2 SYSTEMPATH\HTTP\ResponseTrait.php(322): CodeIgniter\Format\JSONFormatter->format([...])
 3 SYSTEMPATH\HTTP\ResponseTrait.php(248): CodeIgniter\HTTP\Response->formatBody([...], 'json')
 4 APPPATH\Controllers\Sesion.php(34): CodeIgniter\HTTP\Response->setJSON([...])
 5 SYSTEMPATH\CodeIgniter.php(942): App\Controllers\Sesion->logIn()
 6 SYSTEMPATH\CodeIgniter.php(502): CodeIgniter\CodeIgniter->runController(Object(App\Controllers\Sesion))
 7 SYSTEMPATH\CodeIgniter.php(361): CodeIgniter\CodeIgniter->handleRequest(null, Object(Config\Cache), false)
 8 FCPATH\index.php(79): CodeIgniter\CodeIgniter->run()
CRITICAL - 2024-04-16 21:31:44 --> Uncaught CodeIgniter\Format\Exceptions\FormatException: Failed to parse JSON string. Error: Malformed UTF-8 characters, possibly incorrectly encoded in C:\xampp\htdocs\miniferre\vendor\codeigniter4\framework\system\Format\JSONFormatter.php:43
Stack trace:
#0 C:\xampp\htdocs\miniferre\vendor\codeigniter4\framework\system\Format\JSONFormatter.php(43): CodeIgniter\Format\Exceptions\FormatException::forInvalidJSON('Malformed UTF-8...')
#1 C:\xampp\htdocs\miniferre\vendor\codeigniter4\framework\system\API\ResponseTrait.php(345): CodeIgniter\Format\JSONFormatter->format(Array)
#2 C:\xampp\htdocs\miniferre\vendor\codeigniter4\framework\system\API\ResponseTrait.php(98): CodeIgniter\Debug\ExceptionHandler->format(Array)
#3 C:\xampp\htdocs\miniferre\vendor\codeigniter4\framework\system\Debug\ExceptionHandler.php(81): CodeIgniter\Debug\ExceptionHandler->respond(Array, 500)
#4 C:\xampp\htdocs\miniferre\vendor\codeigniter4\framework\system\Debug\Exceptions.php(148): CodeIgniter\Debug\ExceptionHandler->handle(Object(CodeIgniter\Format\Exceptions\FormatException), Object(CodeIgniter\HTTP\IncomingRequest), Object(CodeIgniter\HTTP\Response), 500, 1)
#5 [internal function]: CodeIgniter\Debug\Exceptions->exceptionHandler(Object(CodeIgniter\Format\Exceptions\FormatException))
#6 {main}
  thrown
【Previous Exception】
CodeIgniter\Format\Exceptions\FormatException
Failed to parse JSON string. Error: Malformed UTF-8 characters, possibly incorrectly encoded
#0 C:\xampp\htdocs\miniferre\vendor\codeigniter4\framework\system\Format\JSONFormatter.php(43): CodeIgniter\Format\Exceptions\FormatException::forInvalidJSON('Malformed UTF-8...')
#1 C:\xampp\htdocs\miniferre\vendor\codeigniter4\framework\system\HTTP\ResponseTrait.php(322): CodeIgniter\Format\JSONFormatter->format(Array)
#2 C:\xampp\htdocs\miniferre\vendor\codeigniter4\framework\system\HTTP\ResponseTrait.php(248): CodeIgniter\HTTP\Response->formatBody(Array, 'json')
#3 C:\xampp\htdocs\miniferre\app\Controllers\Sesion.php(34): CodeIgniter\HTTP\Response->setJSON(Array)
#4 C:\xampp\htdocs\miniferre\vendor\codeigniter4\framework\system\CodeIgniter.php(942): App\Controllers\Sesion->logIn()
#5 C:\xampp\htdocs\miniferre\vendor\codeigniter4\framework\system\CodeIgniter.php(502): CodeIgniter\CodeIgniter->runController(Object(App\Controllers\Sesion))
#6 C:\xampp\htdocs\miniferre\vendor\codeigniter4\framework\system\CodeIgniter.php(361): CodeIgniter\CodeIgniter->handleRequest(NULL, Object(Config\Cache), false)
#7 C:\xampp\htdocs\miniferre\public\index.php(79): CodeIgniter\CodeIgniter->run()
#8 {main}
in SYSTEMPATH\Format\JSONFormatter.php on line 43.
 1 [internal function]: CodeIgniter\Debug\Exceptions->shutdownHandler()
ERROR - 2024-04-16 22:11:32 --> mysqli_sql_exception: Unknown column 'createdAt' in 'field list' in C:\xampp\htdocs\miniferre\vendor\codeigniter4\framework\system\Database\MySQLi\Connection.php:306
Stack trace:
#0 C:\xampp\htdocs\miniferre\vendor\codeigniter4\framework\system\Database\MySQLi\Connection.php(306): mysqli->query('INSERT INTO `ro...', 0)
#1 C:\xampp\htdocs\miniferre\vendor\codeigniter4\framework\system\Database\BaseConnection.php(693): CodeIgniter\Database\MySQLi\Connection->execute('INSERT INTO `ro...')
#2 C:\xampp\htdocs\miniferre\vendor\codeigniter4\framework\system\Database\BaseConnection.php(607): CodeIgniter\Database\BaseConnection->simpleQuery('INSERT INTO `ro...')
#3 C:\xampp\htdocs\miniferre\vendor\codeigniter4\framework\system\Database\BaseBuilder.php(1800): CodeIgniter\Database\BaseConnection->query('INSERT INTO `ro...', NULL, false)
#4 C:\xampp\htdocs\miniferre\vendor\codeigniter4\framework\system\Database\BaseBuilder.php(2191): CodeIgniter\Database\BaseBuilder->batchExecute('_insertBatch', 100)
#5 C:\xampp\htdocs\miniferre\app\Database\Migrations\2024-04-16-213613_Rol.php(60): CodeIgniter\Database\BaseBuilder->insertBatch(Array)
#6 C:\xampp\htdocs\miniferre\vendor\codeigniter4\framework\system\Database\MigrationRunner.php(873): App\Database\Migrations\Rol->up()
#7 C:\xampp\htdocs\miniferre\vendor\codeigniter4\framework\system\Database\MigrationRunner.php(188): CodeIgniter\Database\MigrationRunner->migrate('up', Object(stdClass))
#8 C:\xampp\htdocs\miniferre\vendor\codeigniter4\framework\system\Commands\Database\Migrate.php(84): CodeIgniter\Database\MigrationRunner->latest(NULL)
#9 C:\xampp\htdocs\miniferre\vendor\codeigniter4\framework\system\CLI\Commands.php(65): CodeIgniter\Commands\Database\Migrate->run(Array)
#10 C:\xampp\htdocs\miniferre\vendor\codeigniter4\framework\system\CLI\Console.php(46): CodeIgniter\CLI\Commands->run('migrate', Array)
#11 C:\xampp\htdocs\miniferre\spark(102): CodeIgniter\CLI\Console->run()
#12 {main}
ERROR - 2024-04-16 22:11:54 --> mysqli_sql_exception: Table 'rol' already exists in C:\xampp\htdocs\miniferre\vendor\codeigniter4\framework\system\Database\MySQLi\Connection.php:306
Stack trace:
#0 C:\xampp\htdocs\miniferre\vendor\codeigniter4\framework\system\Database\MySQLi\Connection.php(306): mysqli->query('CREATE TABLE `r...', 0)
#1 C:\xampp\htdocs\miniferre\vendor\codeigniter4\framework\system\Database\BaseConnection.php(693): CodeIgniter\Database\MySQLi\Connection->execute('CREATE TABLE `r...')
#2 C:\xampp\htdocs\miniferre\vendor\codeigniter4\framework\system\Database\BaseConnection.php(607): CodeIgniter\Database\BaseConnection->simpleQuery('CREATE TABLE `r...')
#3 C:\xampp\htdocs\miniferre\vendor\codeigniter4\framework\system\Database\Forge.php(546): CodeIgniter\Database\BaseConnection->query('CREATE TABLE `r...')
#4 C:\xampp\htdocs\miniferre\app\Database\Migrations\2024-04-16-213613_Rol.php(45): CodeIgniter\Database\Forge->createTable('rol')
#5 C:\xampp\htdocs\miniferre\vendor\codeigniter4\framework\system\Database\MigrationRunner.php(873): App\Database\Migrations\Rol->up()
#6 C:\xampp\htdocs\miniferre\vendor\codeigniter4\framework\system\Database\MigrationRunner.php(188): CodeIgniter\Database\MigrationRunner->migrate('up', Object(stdClass))
#7 C:\xampp\htdocs\miniferre\vendor\codeigniter4\framework\system\Commands\Database\Migrate.php(84): CodeIgniter\Database\MigrationRunner->latest(NULL)
#8 C:\xampp\htdocs\miniferre\vendor\codeigniter4\framework\system\CLI\Commands.php(65): CodeIgniter\Commands\Database\Migrate->run(Array)
#9 C:\xampp\htdocs\miniferre\vendor\codeigniter4\framework\system\CLI\Console.php(46): CodeIgniter\CLI\Commands->run('migrate', Array)
#10 C:\xampp\htdocs\miniferre\spark(102): CodeIgniter\CLI\Console->run()
#11 {main}
ERROR - 2024-04-16 22:12:31 --> mysqli_sql_exception: Table 'rol' already exists in C:\xampp\htdocs\miniferre\vendor\codeigniter4\framework\system\Database\MySQLi\Connection.php:306
Stack trace:
#0 C:\xampp\htdocs\miniferre\vendor\codeigniter4\framework\system\Database\MySQLi\Connection.php(306): mysqli->query('CREATE TABLE `r...', 0)
#1 C:\xampp\htdocs\miniferre\vendor\codeigniter4\framework\system\Database\BaseConnection.php(693): CodeIgniter\Database\MySQLi\Connection->execute('CREATE TABLE `r...')
#2 C:\xampp\htdocs\miniferre\vendor\codeigniter4\framework\system\Database\BaseConnection.php(607): CodeIgniter\Database\BaseConnection->simpleQuery('CREATE TABLE `r...')
#3 C:\xampp\htdocs\miniferre\vendor\codeigniter4\framework\system\Database\Forge.php(546): CodeIgniter\Database\BaseConnection->query('CREATE TABLE `r...')
#4 C:\xampp\htdocs\miniferre\app\Database\Migrations\2024-04-16-213613_Rol.php(45): CodeIgniter\Database\Forge->createTable('rol')
#5 C:\xampp\htdocs\miniferre\vendor\codeigniter4\framework\system\Database\MigrationRunner.php(873): App\Database\Migrations\Rol->up()
#6 C:\xampp\htdocs\miniferre\vendor\codeigniter4\framework\system\Database\MigrationRunner.php(188): CodeIgniter\Database\MigrationRunner->migrate('up', Object(stdClass))
#7 C:\xampp\htdocs\miniferre\vendor\codeigniter4\framework\system\Commands\Database\Migrate.php(84): CodeIgniter\Database\MigrationRunner->latest(NULL)
#8 C:\xampp\htdocs\miniferre\vendor\codeigniter4\framework\system\CLI\Commands.php(65): CodeIgniter\Commands\Database\Migrate->run(Array)
#9 C:\xampp\htdocs\miniferre\vendor\codeigniter4\framework\system\CLI\BaseCommand.php(115): CodeIgniter\CLI\Commands->run('migrate', Array)
#10 C:\xampp\htdocs\miniferre\vendor\codeigniter4\framework\system\Commands\Database\MigrateRefresh.php(85): CodeIgniter\CLI\BaseCommand->call('migrate', Array)
#11 C:\xampp\htdocs\miniferre\vendor\codeigniter4\framework\system\CLI\Commands.php(65): CodeIgniter\Commands\Database\MigrateRefresh->run(Array)
#12 C:\xampp\htdocs\miniferre\vendor\codeigniter4\framework\system\CLI\Console.php(46): CodeIgniter\CLI\Commands->run('migrate:refresh', Array)
#13 C:\xampp\htdocs\miniferre\spark(102): CodeIgniter\CLI\Console->run()
#14 {main}
ERROR - 2024-04-16 22:13:24 --> mysqli_sql_exception: Table 'rol' already exists in C:\xampp\htdocs\miniferre\vendor\codeigniter4\framework\system\Database\MySQLi\Connection.php:306
Stack trace:
#0 C:\xampp\htdocs\miniferre\vendor\codeigniter4\framework\system\Database\MySQLi\Connection.php(306): mysqli->query('CREATE TABLE `r...', 0)
#1 C:\xampp\htdocs\miniferre\vendor\codeigniter4\framework\system\Database\BaseConnection.php(693): CodeIgniter\Database\MySQLi\Connection->execute('CREATE TABLE `r...')
#2 C:\xampp\htdocs\miniferre\vendor\codeigniter4\framework\system\Database\BaseConnection.php(607): CodeIgniter\Database\BaseConnection->simpleQuery('CREATE TABLE `r...')
#3 C:\xampp\htdocs\miniferre\vendor\codeigniter4\framework\system\Database\Forge.php(546): CodeIgniter\Database\BaseConnection->query('CREATE TABLE `r...')
#4 C:\xampp\htdocs\miniferre\app\Database\Migrations\2024-04-16-213613_Rol.php(45): CodeIgniter\Database\Forge->createTable('rol')
#5 C:\xampp\htdocs\miniferre\vendor\codeigniter4\framework\system\Database\MigrationRunner.php(873): App\Database\Migrations\Rol->up()
#6 C:\xampp\htdocs\miniferre\vendor\codeigniter4\framework\system\Database\MigrationRunner.php(188): CodeIgniter\Database\MigrationRunner->migrate('up', Object(stdClass))
#7 C:\xampp\htdocs\miniferre\vendor\codeigniter4\framework\system\Commands\Database\Migrate.php(84): CodeIgniter\Database\MigrationRunner->latest(NULL)
#8 C:\xampp\htdocs\miniferre\vendor\codeigniter4\framework\system\CLI\Commands.php(65): CodeIgniter\Commands\Database\Migrate->run(Array)
#9 C:\xampp\htdocs\miniferre\vendor\codeigniter4\framework\system\CLI\Console.php(46): CodeIgniter\CLI\Commands->run('migrate', Array)
#10 C:\xampp\htdocs\miniferre\spark(102): CodeIgniter\CLI\Console->run()
#11 {main}
ERROR - 2024-04-16 22:20:26 --> mysqli_sql_exception: Incorrect table definition; there can be only one auto column and it must be defined as a key in C:\xampp\htdocs\miniferre\vendor\codeigniter4\framework\system\Database\MySQLi\Connection.php:306
Stack trace:
#0 C:\xampp\htdocs\miniferre\vendor\codeigniter4\framework\system\Database\MySQLi\Connection.php(306): mysqli->query('CREATE TABLE `r...', 0)
#1 C:\xampp\htdocs\miniferre\vendor\codeigniter4\framework\system\Database\BaseConnection.php(693): CodeIgniter\Database\MySQLi\Connection->execute('CREATE TABLE `r...')
#2 C:\xampp\htdocs\miniferre\vendor\codeigniter4\framework\system\Database\BaseConnection.php(607): CodeIgniter\Database\BaseConnection->simpleQuery('CREATE TABLE `r...')
#3 C:\xampp\htdocs\miniferre\vendor\codeigniter4\framework\system\Database\Forge.php(546): CodeIgniter\Database\BaseConnection->query('CREATE TABLE `r...')
#4 C:\xampp\htdocs\miniferre\app\Database\Migrations\2024-04-16-213613_Rol.php(45): CodeIgniter\Database\Forge->createTable('rol')
#5 C:\xampp\htdocs\miniferre\vendor\codeigniter4\framework\system\Database\MigrationRunner.php(873): App\Database\Migrations\Rol->up()
#6 C:\xampp\htdocs\miniferre\vendor\codeigniter4\framework\system\Database\MigrationRunner.php(188): CodeIgniter\Database\MigrationRunner->migrate('up', Object(stdClass))
#7 C:\xampp\htdocs\miniferre\vendor\codeigniter4\framework\system\Commands\Database\Migrate.php(84): CodeIgniter\Database\MigrationRunner->latest(NULL)
#8 C:\xampp\htdocs\miniferre\vendor\codeigniter4\framework\system\CLI\Commands.php(65): CodeIgniter\Commands\Database\Migrate->run(Array)
#9 C:\xampp\htdocs\miniferre\vendor\codeigniter4\framework\system\CLI\Console.php(46): CodeIgniter\CLI\Commands->run('migrate', Array)
#10 C:\xampp\htdocs\miniferre\spark(102): CodeIgniter\CLI\Console->run()
#11 {main}
ERROR - 2024-04-16 22:44:03 --> mysqli_sql_exception: Table 'rol' already exists in C:\xampp\htdocs\miniferre\vendor\codeigniter4\framework\system\Database\MySQLi\Connection.php:306
Stack trace:
#0 C:\xampp\htdocs\miniferre\vendor\codeigniter4\framework\system\Database\MySQLi\Connection.php(306): mysqli->query('CREATE TABLE `r...', 0)
#1 C:\xampp\htdocs\miniferre\vendor\codeigniter4\framework\system\Database\BaseConnection.php(693): CodeIgniter\Database\MySQLi\Connection->execute('CREATE TABLE `r...')
#2 C:\xampp\htdocs\miniferre\vendor\codeigniter4\framework\system\Database\BaseConnection.php(607): CodeIgniter\Database\BaseConnection->simpleQuery('CREATE TABLE `r...')
#3 C:\xampp\htdocs\miniferre\vendor\codeigniter4\framework\system\Database\Forge.php(546): CodeIgniter\Database\BaseConnection->query('CREATE TABLE `r...')
#4 C:\xampp\htdocs\miniferre\app\Database\Migrations\2024-04-16-222406_Usuario.php(75): CodeIgniter\Database\Forge->createTable('rol')
#5 C:\xampp\htdocs\miniferre\vendor\codeigniter4\framework\system\Database\MigrationRunner.php(873): App\Database\Migrations\Usuario->up()
#6 C:\xampp\htdocs\miniferre\vendor\codeigniter4\framework\system\Database\MigrationRunner.php(188): CodeIgniter\Database\MigrationRunner->migrate('up', Object(stdClass))
#7 C:\xampp\htdocs\miniferre\vendor\codeigniter4\framework\system\Commands\Database\Migrate.php(84): CodeIgniter\Database\MigrationRunner->latest(NULL)
#8 C:\xampp\htdocs\miniferre\vendor\codeigniter4\framework\system\CLI\Commands.php(65): CodeIgniter\Commands\Database\Migrate->run(Array)
#9 C:\xampp\htdocs\miniferre\vendor\codeigniter4\framework\system\CLI\Console.php(46): CodeIgniter\CLI\Commands->run('migrate', Array)
#10 C:\xampp\htdocs\miniferre\spark(102): CodeIgniter\CLI\Console->run()
#11 {main}
