CRITICAL - 2024-01-21 15:57:44 --> Undefined variable $menu
in APPPATH\Views\main\main.php on line 26.
 1 APPPATH\Views\main\main.php(26): CodeIgniter\Debug\Exceptions->errorHandler(2, 'Undefined variable $menu', 'C:\\xampp\\htdocs\\miniferre\\app\\Views\\main\\main.php', 26)
 2 SYSTEMPATH\View\View.php(228): include('C:\\xampp\\htdocs\\miniferre\\app\\Views\\main\\main.php')
 3 SYSTEMPATH\View\View.php(231): CodeIgniter\View\View->CodeIgniter\View\{closure}()
 4 SYSTEMPATH\Common.php(1190): CodeIgniter\View\View->render('main/main', [], true)
 5 APPPATH\Controllers\Sesion.php(19): view('main/main', [...])
 6 SYSTEMPATH\CodeIgniter.php(942): App\Controllers\Sesion->index()
 7 SYSTEMPATH\CodeIgniter.php(502): CodeIgniter\CodeIgniter->runController(Object(App\Controllers\Sesion))
 8 SYSTEMPATH\CodeIgniter.php(361): CodeIgniter\CodeIgniter->handleRequest(null, Object(Config\Cache), false)
 9 FCPATH\index.php(79): CodeIgniter\CodeIgniter->run()
CRITICAL - 2024-01-21 15:58:24 --> Undefined variable $menu
in APPPATH\Views\main\main.php on line 26.
 1 APPPATH\Views\main\main.php(26): CodeIgniter\Debug\Exceptions->errorHandler(2, 'Undefined variable $menu', 'C:\\xampp\\htdocs\\miniferre\\app\\Views\\main\\main.php', 26)
 2 SYSTEMPATH\View\View.php(228): include('C:\\xampp\\htdocs\\miniferre\\app\\Views\\main\\main.php')
 3 SYSTEMPATH\View\View.php(231): CodeIgniter\View\View->CodeIgniter\View\{closure}()
 4 SYSTEMPATH\Common.php(1190): CodeIgniter\View\View->render('main/main', [], true)
 5 APPPATH\Controllers\Sesion.php(19): view('main/main', [...])
 6 SYSTEMPATH\CodeIgniter.php(942): App\Controllers\Sesion->index()
 7 SYSTEMPATH\CodeIgniter.php(502): CodeIgniter\CodeIgniter->runController(Object(App\Controllers\Sesion))
 8 SYSTEMPATH\CodeIgniter.php(361): CodeIgniter\CodeIgniter->handleRequest(null, Object(Config\Cache), false)
 9 FCPATH\index.php(79): CodeIgniter\CodeIgniter->run()
CRITICAL - 2024-01-21 15:58:39 --> Undefined variable $menu
in APPPATH\Views\main\main.php on line 26.
 1 APPPATH\Views\main\main.php(26): CodeIgniter\Debug\Exceptions->errorHandler(2, 'Undefined variable $menu', 'C:\\xampp\\htdocs\\miniferre\\app\\Views\\main\\main.php', 26)
 2 SYSTEMPATH\View\View.php(228): include('C:\\xampp\\htdocs\\miniferre\\app\\Views\\main\\main.php')
 3 SYSTEMPATH\View\View.php(231): CodeIgniter\View\View->CodeIgniter\View\{closure}()
 4 SYSTEMPATH\Common.php(1190): CodeIgniter\View\View->render('main/main', [], true)
 5 APPPATH\Controllers\Sesion.php(19): view('main/main', [...])
 6 SYSTEMPATH\CodeIgniter.php(942): App\Controllers\Sesion->index()
 7 SYSTEMPATH\CodeIgniter.php(502): CodeIgniter\CodeIgniter->runController(Object(App\Controllers\Sesion))
 8 SYSTEMPATH\CodeIgniter.php(361): CodeIgniter\CodeIgniter->handleRequest(null, Object(Config\Cache), false)
 9 FCPATH\index.php(79): CodeIgniter\CodeIgniter->run()
